timestamp: 2014-11-19T15:28:11.183000
CREATE TABLE address(
    id INTEGER PRIMARY KEY AUTOINCREMENT,
    street CHAR(512),
    city CHAR(512),
    country CHAR(512),
    postcode CHAR(512)
);
success!
timestamp: 2014-11-19T15:28:11.311000
CREATE TABLE bank_details(
    id INTEGER PRIMARY KEY AUTOINCREMENT,
    card_number CHAR(512),
    security_code CHAR(512),
    address_id INTEGER REFERENCES address (id) ON DELETE CASCADE,
    expiry_date CHAR(512)
);
success!
timestamp: 2014-11-19T15:28:11.406000
CREATE TABLE auth_user(
    id INTEGER PRIMARY KEY AUTOINCREMENT,
    first_name CHAR(128),
    last_name CHAR(128),
    email CHAR(512),
    username CHAR(128),
    password CHAR(512),
    registration_key CHAR(512),
    reset_password_key CHAR(512),
    registration_id CHAR(512),
    birthdate CHAR(512),
    address_id INTEGER REFERENCES address (id) ON DELETE CASCADE,
    card_number INTEGER REFERENCES bank_details (id) ON DELETE CASCADE
);
success!
timestamp: 2014-11-19T15:28:11.517000
CREATE TABLE project(
    id INTEGER PRIMARY KEY AUTOINCREMENT,
    username INTEGER REFERENCES auth_user (id) ON DELETE CASCADE,
    short_description CHAR(512),
    status CHAR(512),
    image CHAR(512),
    category CHAR(512),
    total_raised CHAR(512),
    story CHAR(512),
    time_opened_for_pledges CHAR(512),
    goal CHAR(512),
    title CHAR(512),
    long_description CHAR(512)
);
success!
timestamp: 2014-11-19T15:28:11.618000
CREATE TABLE pledge_levels(
    id INTEGER PRIMARY KEY AUTOINCREMENT,
    project_id INTEGER REFERENCES project (id) ON DELETE CASCADE,
    amount CHAR(512),
    reward CHAR(512)
);
success!
timestamp: 2014-11-19T15:28:11.761000
CREATE TABLE pledges(
    id INTEGER PRIMARY KEY AUTOINCREMENT,
    username INTEGER REFERENCES auth_user (id) ON DELETE CASCADE,
    pledge_levels_id INTEGER REFERENCES pledge_levels (id) ON DELETE CASCADE
);
success!
timestamp: 2014-11-19T15:28:11.901000
CREATE TABLE auth_group(
    id INTEGER PRIMARY KEY AUTOINCREMENT,
    role CHAR(512),
    description TEXT
);
success!
timestamp: 2014-11-19T15:28:11.992000
CREATE TABLE auth_membership(
    id INTEGER PRIMARY KEY AUTOINCREMENT,
    user_id INTEGER REFERENCES auth_user (id) ON DELETE CASCADE,
    group_id INTEGER REFERENCES auth_group (id) ON DELETE CASCADE
);
success!
timestamp: 2014-11-19T15:28:12.059000
CREATE TABLE auth_permission(
    id INTEGER PRIMARY KEY AUTOINCREMENT,
    group_id INTEGER REFERENCES auth_group (id) ON DELETE CASCADE,
    name CHAR(512),
    table_name CHAR(512),
    record_id INTEGER
);
success!
timestamp: 2014-11-19T15:28:12.153000
CREATE TABLE auth_event(
    id INTEGER PRIMARY KEY AUTOINCREMENT,
    time_stamp TIMESTAMP,
    client_ip CHAR(512),
    user_id INTEGER REFERENCES auth_user (id) ON DELETE CASCADE,
    origin CHAR(512),
    description TEXT
);
success!
timestamp: 2014-11-19T15:28:12.252000
CREATE TABLE auth_cas(
    id INTEGER PRIMARY KEY AUTOINCREMENT,
    user_id INTEGER REFERENCES auth_user (id) ON DELETE CASCADE,
    created_on TIMESTAMP,
    service CHAR(512),
    ticket CHAR(512),
    renew CHAR(1)
);
success!
timestamp: 2014-11-19T15:41:23.204000
ALTER TABLE auth_user ADD bank_id INTEGER REFERENCES bank_details (id) ON DELETE CASCADE;
success!
success!
success!
